0 info it worked if it ends with ok
1 verbose cli [ 'D:\\Program Files\\nodejs\\node.exe',
1 verbose cli   'D:\\Program Files\\nodejs\\node_modules\\npm\\bin\\npm-cli.js',
1 verbose cli   'run',
1 verbose cli   'test' ]
2 info using npm@3.10.8
3 info using node@v6.9.1
4 verbose run-script [ 'pretest', 'test', 'posttest' ]
5 info lifecycle little_album@1.0.0~pretest: little_album@1.0.0
6 silly lifecycle little_album@1.0.0~pretest: no script for pretest, continuing
7 info lifecycle little_album@1.0.0~test: little_album@1.0.0
8 verbose lifecycle little_album@1.0.0~test: unsafe-perm in lifecycle true
9 verbose lifecycle little_album@1.0.0~test: PATH: D:\Program Files\nodejs\node_modules\npm\bin\node-gyp-bin;E:\documents\NodejsPractice\P_LittleAlbum\node_modules\.bin;C:\Program Files (x86)\Java\jdk1.6.0_45\bin;C:\windows\system32;C:\windows;C:\windows\System32\Wbem;C:\windows\System32\WindowsPowerShell\v1.0\;C:\Program Files\maven\apache-maven-3.2.5\bin;C:\Program Files (x86)\NVIDIA Corporation\PhysX\Common;C:\strawberry\c\bin;C:\strawberry\perl\bin;C:\WINDOWS\system32;C:\WINDOWS;C:\WINDOWS\System32\Wbem;C:\WINDOWS\System32\WindowsPowerShell\v1.0\;D:\develop\VisualSVN Server\bin;C:\Program Files (x86)\Java\jdk1.6.0_45\jre\bin;D:\Program Files\nodejs\;C:\Program Files\Git\cmd;C:\Program Files\TortoiseSVN\bin;C:\Ruby22-x64\bin;C:\Users\Administrator\AppData\Local\Microsoft\WindowsApps;C:\Users\Administrator\AppData\Roaming\npm;C:\Program Files\MongoDB\Server\3.4\bin
10 verbose lifecycle little_album@1.0.0~test: CWD: E:\documents\NodejsPractice\P_LittleAlbum
11 silly lifecycle little_album@1.0.0~test: Args: [ '/d /s /c', 'echo "Error: no test specified" && exit 1' ]
12 silly lifecycle little_album@1.0.0~test: Returned: code: 1  signal: null
13 info lifecycle little_album@1.0.0~test: Failed to exec test script
14 verbose stack Error: little_album@1.0.0 test: `echo "Error: no test specified" && exit 1`
14 verbose stack Exit status 1
14 verbose stack     at EventEmitter.<anonymous> (D:\Program Files\nodejs\node_modules\npm\lib\utils\lifecycle.js:255:16)
14 verbose stack     at emitTwo (events.js:106:13)
14 verbose stack     at EventEmitter.emit (events.js:191:7)
14 verbose stack     at ChildProcess.<anonymous> (D:\Program Files\nodejs\node_modules\npm\lib\utils\spawn.js:40:14)
14 verbose stack     at emitTwo (events.js:106:13)
14 verbose stack     at ChildProcess.emit (events.js:191:7)
14 verbose stack     at maybeClose (internal/child_process.js:877:16)
14 verbose stack     at Process.ChildProcess._handle.onexit (internal/child_process.js:226:5)
15 verbose pkgid little_album@1.0.0
16 verbose cwd E:\documents\NodejsPractice\P_LittleAlbum
17 error Windows_NT 10.0.14393
18 error argv "D:\\Program Files\\nodejs\\node.exe" "D:\\Program Files\\nodejs\\node_modules\\npm\\bin\\npm-cli.js" "run" "test"
19 error node v6.9.1
20 error npm  v3.10.8
21 error code ELIFECYCLE
22 error little_album@1.0.0 test: `echo "Error: no test specified" && exit 1`
22 error Exit status 1
23 error Failed at the little_album@1.0.0 test script 'echo "Error: no test specified" && exit 1'.
23 error Make sure you have the latest version of node.js and npm installed.
23 error If you do, this is most likely a problem with the little_album package,
23 error not with npm itself.
23 error Tell the author that this fails on your system:
23 error     echo "Error: no test specified" && exit 1
23 error You can get information on how to open an issue for this project with:
23 error     npm bugs little_album
23 error Or if that isn't available, you can get their info via:
23 error     npm owner ls little_album
23 error There is likely additional logging output above.
24 verbose exit [ 1, true ]
